<?xml version="1.0" encoding="UTF-8"?>
<!-- Generated by org.testng.reporters.JUnitXMLReporter -->
<testsuite ignored="0" hostname="DESKTOP-CTMBMV2" failures="1" tests="1" name="Testcases" time="22.35" errors="0" timestamp="19 Nov 2021 11:35:29 GMT">
  <testcase classname="com.arbysstg.Testcases.TC_Signin_002" name="signin" time="15.473">
    <failure type="java.lang.AssertionError" message="expected [true] but found [false]">
      <![CDATA[java.lang.AssertionError: expected [true] but found [false]
at com.arbysstg.Testcases.TC_Signin_002.signin(TC_Signin_002.java:38)
... Removed 29 stack frames]]>
    </failure>
  </testcase> <!-- signin -->
</testsuite> <!-- Testcases -->
