<?xml version="1.0" encoding="UTF-8"?>
<testng-results skipped="0" failed="0" ignored="0" total="1" passed="1">
  <reporter-output>
  </reporter-output>
  <suite name="Arbys" duration-ms="24984" started-at="2021-11-19T11:44:17Z" finished-at="2021-11-19T11:44:42Z">
    <groups>
    </groups>
    <test name="Testcases" duration-ms="24984" started-at="2021-11-19T11:44:17Z" finished-at="2021-11-19T11:44:42Z">
      <class name="com.arbysstg.Testcases.TC_Signin_002">
        <test-method status="PASS" signature="setup()[pri:0, instance:com.arbysstg.Testcases.TC_Signin_002@57829d67]" name="setup" is-config="true" duration-ms="9091" started-at="2021-11-19T11:44:17Z" finished-at="2021-11-19T11:44:27Z">
          <reporter-output>
          </reporter-output>
        </test-method> <!-- setup -->
        <test-method status="PASS" signature="signin()[pri:0, instance:com.arbysstg.Testcases.TC_Signin_002@57829d67]" name="signin" duration-ms="14745" started-at="2021-11-19T11:44:27Z" finished-at="2021-11-19T11:44:41Z">
          <reporter-output>
          </reporter-output>
        </test-method> <!-- signin -->
        <test-method status="PASS" signature="teardown()[pri:0, instance:com.arbysstg.Testcases.TC_Signin_002@57829d67]" name="teardown" is-config="true" duration-ms="782" started-at="2021-11-19T11:44:41Z" finished-at="2021-11-19T11:44:42Z">
          <reporter-output>
          </reporter-output>
        </test-method> <!-- teardown -->
      </class> <!-- com.arbysstg.Testcases.TC_Signin_002 -->
    </test> <!-- Testcases -->
  </suite> <!-- Arbys -->
</testng-results>
