<?xml version="1.0" encoding="UTF-8"?>
<testng-results ignored="0" total="1" passed="1" failed="0" skipped="0">
  <reporter-output>
  </reporter-output>
  <suite started-at="2022-03-05T11:13:04Z" name="Default suite" finished-at="2022-03-05T11:13:33Z" duration-ms="29200">
    <groups>
    </groups>
    <test started-at="2022-03-05T11:13:04Z" name="Default test" finished-at="2022-03-05T11:13:33Z" duration-ms="29200">
      <class name="com.arbysstg.Testcases.TC_placingOrder_003">
        <test-method is-config="true" signature="setup()[pri:0, instance:com.arbysstg.Testcases.TC_placingOrder_003@358ee631]" started-at="2022-03-05T11:13:04Z" name="setup" finished-at="2022-03-05T11:13:12Z" duration-ms="7982" status="PASS">
          <reporter-output>
          </reporter-output>
        </test-method> <!-- setup -->
        <test-method signature="placingOrder()[pri:0, instance:com.arbysstg.Testcases.TC_placingOrder_003@358ee631]" started-at="2022-03-05T11:13:12Z" name="placingOrder" finished-at="2022-03-05T11:13:32Z" duration-ms="20146" status="PASS">
          <reporter-output>
          </reporter-output>
        </test-method> <!-- placingOrder -->
        <test-method is-config="true" signature="teardown()[pri:0, instance:com.arbysstg.Testcases.TC_placingOrder_003@358ee631]" started-at="2022-03-05T11:13:32Z" name="teardown" finished-at="2022-03-05T11:13:33Z" duration-ms="1026" status="PASS">
          <reporter-output>
          </reporter-output>
        </test-method> <!-- teardown -->
      </class> <!-- com.arbysstg.Testcases.TC_placingOrder_003 -->
    </test> <!-- Default test -->
  </suite> <!-- Default suite -->
</testng-results>
